0 verbose cli [ '/usr/bin/node', '/usr/bin/npm', 'start' ]
1 info using npm@7.0.8
2 info using node@v15.1.0
3 timing config:load:defaults Completed in 1ms
4 timing config:load:file:/usr/lib/node_modules/npm/npmrc Completed in 0ms
5 timing config:load:builtin Completed in 0ms
6 timing config:load:cli Completed in 2ms
7 timing config:load:env Completed in 0ms
8 timing config:load:project Completed in 0ms
9 timing config:load:file:/home/app/.npmrc Completed in 0ms
10 timing config:load:user Completed in 0ms
11 timing config:load:file:/usr/etc/npmrc Completed in 1ms
12 timing config:load:global Completed in 1ms
13 timing config:load:cafile Completed in 0ms
14 timing config:load:validate Completed in 0ms
15 timing config:load:setUserAgent Completed in 0ms
16 timing config:load:setEnvs Completed in 1ms
17 timing config:load Completed in 5ms
18 verbose npm-session a5d3a2a149268391
19 timing npm:load Completed in 13ms
20 http fetch GET 200 https://registry.npmjs.org/npm 4077ms
21 http fetch GET 304 https://registry.npmjs.org/npm 85ms (from cache)
22 timing command:run-script Completed in 14ms
23 timing command:start Completed in 16ms
24 notice [40m[37m[39m[49m
24 notice [40m[37mNew [32mpatch[39m[37m version of npm available! [31m7.0.8[39m[37m -> [32m7.0.9[39m[37m[39m[49m
24 notice [40m[37mChangelog: [36mhttps://github.com/npm/cli/releases/tag/v7.0.9[39m[37m[39m[49m
24 notice [40m[37mRun [32mnpm install -g npm@7.0.9[39m[37m to update![39m[49m
24 notice [40m[37m[39m[49m
25 verbose stack Error: command failed
25 verbose stack     at ChildProcess.<anonymous> (/usr/lib/node_modules/npm/node_modules/@npmcli/promise-spawn/index.js:64:27)
25 verbose stack     at ChildProcess.emit (node:events:327:20)
25 verbose stack     at maybeClose (node:internal/child_process:1055:16)
25 verbose stack     at Process.ChildProcess._handle.onexit (node:internal/child_process:288:5)
26 verbose pkgid agenda-petshop@1.0.0
27 verbose cwd /home/app
28 verbose Linux 4.19.128-microsoft-standard
29 verbose argv "/usr/bin/node" "/usr/bin/npm" "start"
30 verbose node v15.1.0
31 verbose npm  v7.0.8
32 error code 127
33 error path /home/app
34 error command failed
35 error command sh -c nodemon server.js
36 verbose exit 127
