0 verbose cli [ '/usr/bin/node', '/usr/bin/npm', 'start' ]
1 info using npm@7.0.8
2 info using node@v15.1.0
3 timing config:load:defaults Completed in 1ms
4 timing config:load:file:/usr/lib/node_modules/npm/npmrc Completed in 1ms
5 timing config:load:builtin Completed in 1ms
6 timing config:load:cli Completed in 1ms
7 timing config:load:env Completed in 0ms
8 timing config:load:project Completed in 1ms
9 timing config:load:file:/home/app/.npmrc Completed in 0ms
10 timing config:load:user Completed in 0ms
11 timing config:load:file:/usr/etc/npmrc Completed in 1ms
12 timing config:load:global Completed in 1ms
13 timing config:load:cafile Completed in 0ms
14 timing config:load:validate Completed in 0ms
15 timing config:load:setUserAgent Completed in 0ms
16 timing config:load:setEnvs Completed in 1ms
17 timing config:load Completed in 6ms
18 verbose npm-session bfd2acdc6618cb56
19 timing npm:load Completed in 14ms
20 http fetch GET 200 https://registry.npmjs.org/npm 440ms
21 timing command:run-script Completed in 112280880ms
22 timing command:start Completed in 112280888ms
23 verbose stack Error: command failed
23 verbose stack     at ChildProcess.<anonymous> (/usr/lib/node_modules/npm/node_modules/@npmcli/promise-spawn/index.js:64:27)
23 verbose stack     at ChildProcess.emit (node:events:327:20)
23 verbose stack     at maybeClose (node:internal/child_process:1055:16)
23 verbose stack     at Process.ChildProcess._handle.onexit (node:internal/child_process:288:5)
24 verbose pkgid agenda-petshop@1.0.0
25 verbose cwd /home/app
26 verbose Linux 4.19.128-microsoft-standard
27 verbose argv "/usr/bin/node" "/usr/bin/npm" "start"
28 verbose node v15.1.0
29 verbose npm  v7.0.8
30 error path /home/app
31 error command failed
32 error signal SIGTERM
33 error command sh -c nodemon server.js
34 verbose exit 1
