0 verbose cli [ '/usr/bin/node', '/usr/bin/npm', 'start' ]
1 info using npm@7.0.8
2 info using node@v15.1.0
3 timing config:load:defaults Completed in 1ms
4 timing config:load:file:/usr/lib/node_modules/npm/npmrc Completed in 0ms
5 timing config:load:builtin Completed in 0ms
6 timing config:load:cli Completed in 2ms
7 timing config:load:env Completed in 0ms
8 timing config:load:project Completed in 0ms
9 timing config:load:file:/home/app/.npmrc Completed in 1ms
10 timing config:load:user Completed in 1ms
11 timing config:load:file:/usr/etc/npmrc Completed in 0ms
12 timing config:load:global Completed in 0ms
13 timing config:load:cafile Completed in 0ms
14 timing config:load:validate Completed in 0ms
15 timing config:load:setUserAgent Completed in 1ms
16 timing config:load:setEnvs Completed in 0ms
17 timing config:load Completed in 5ms
18 verbose npm-session 8ebdaa1809bb3804
19 timing npm:load Completed in 14ms
20 timing command:run-script Completed in 147155677ms
21 timing command:start Completed in 147155679ms
22 verbose stack Error: command failed
22 verbose stack     at ChildProcess.<anonymous> (/usr/lib/node_modules/npm/node_modules/@npmcli/promise-spawn/index.js:64:27)
22 verbose stack     at ChildProcess.emit (node:events:327:20)
22 verbose stack     at maybeClose (node:internal/child_process:1055:16)
22 verbose stack     at Process.ChildProcess._handle.onexit (node:internal/child_process:288:5)
23 verbose pkgid agenda-petshop@1.0.0
24 verbose cwd /home/app
25 verbose Linux 4.19.128-microsoft-standard
26 verbose argv "/usr/bin/node" "/usr/bin/npm" "start"
27 verbose node v15.1.0
28 verbose npm  v7.0.8
29 error path /home/app
30 error command failed
31 error signal SIGTERM
32 error command sh -c nodemon server.js
33 verbose exit 1
